# JRE version: OpenJDK Runtime Environment (8.0_152-b01) (build 1.8.0_152-release-915-b01)
# Java VM: OpenJDK 64-Bit Server VM (25.152-b01 mixed mode windows-amd64 compressed oops)
Heap:
 PSYoungGen      total 68608K, used 12931K [0x00000000eab00000, 0x00000000ef880000, 0x0000000100000000)
  eden space 57856K, 6% used [0x00000000eab00000,0x00000000eaeb86e0,0x00000000ee380000)
  from space 10752K, 84% used [0x00000000eee00000,0x00000000ef6e8648,0x00000000ef880000)
  to   space 7168K, 0% used [0x00000000ee500000,0x00000000ee500000,0x00000000eec00000)
 ParOldGen       total 110080K, used 48366K [0x00000000c0000000, 0x00000000c6b80000, 0x00000000eab00000)
  object space 110080K, 43% used [0x00000000c0000000,0x00000000c2f3ba58,0x00000000c6b80000)
 Metaspace       used 76303K, capacity 81104K, committed 81408K, reserved 1120256K
  class space    used 10001K, capacity 11195K, committed 11264K, reserved 1048576K
GC Heap History (10 events):
Event: 1982.923 GC heap before
{Heap before GC invocations=44 (full 3):
 PSYoungGen      total 71168K, used 71147K [0x00000000eab00000, 0x00000000efd80000, 0x0000000100000000)
  eden space 62464K, 100% used [0x00000000eab00000,0x00000000ee800000,0x00000000ee800000)
  from space 8704K, 99% used [0x00000000ef280000,0x00000000efafae38,0x00000000efb00000)
  to   space 10752K, 0% used [0x00000000ee800000,0x00000000ee800000,0x00000000ef280000)
 ParOldGen       total 92160K, used 80105K [0x00000000c0000000, 0x00000000c5a00000, 0x00000000eab00000)
  object space 92160K, 86% used [0x00000000c0000000,0x00000000c4e3a728,0x00000000c5a00000)
 Metaspace       used 76507K, capacity 81202K, committed 81408K, reserved 1120256K
  class space    used 10067K, capacity 11220K, committed 11264K, reserved 1048576K
Event: 1983.066 GC heap after
Heap after GC invocations=44 (full 3):
 PSYoungGen      total 63488K, used 2320K [0x00000000eab00000, 0x00000000efb80000, 0x0000000100000000)
  eden space 60928K, 0% used [0x00000000eab00000,0x00000000eab00000,0x00000000ee680000)
  from space 2560K, 90% used [0x00000000ee800000,0x00000000eea44010,0x00000000eea80000)
  to   space 10752K, 0% used [0x00000000ef100000,0x00000000ef100000,0x00000000efb80000)
 ParOldGen       total 92160K, used 85771K [0x00000000c0000000, 0x00000000c5a00000, 0x00000000eab00000)
  object space 92160K, 93% used [0x00000000c0000000,0x00000000c53c2e38,0x00000000c5a00000)
 Metaspace       used 76507K, capacity 81202K, committed 81408K, reserved 1120256K
  class space    used 10067K, capacity 11220K, committed 11264K, reserved 1048576K
}
Event: 1983.066 GC heap before
{Heap before GC invocations=45 (full 4):
 PSYoungGen      total 63488K, used 2320K [0x00000000eab00000, 0x00000000efb80000, 0x0000000100000000)
  eden space 60928K, 0% used [0x00000000eab00000,0x00000000eab00000,0x00000000ee680000)
  from space 2560K, 90% used [0x00000000ee800000,0x00000000eea44010,0x00000000eea80000)
  to   space 10752K, 0% used [0x00000000ef100000,0x00000000ef100000,0x00000000efb80000)
 ParOldGen       total 92160K, used 85771K [0x00000000c0000000, 0x00000000c5a00000, 0x00000000eab00000)
  object space 92160K, 93% used [0x00000000c0000000,0x00000000c53c2e38,0x00000000c5a00000)
 Metaspace       used 76507K, capacity 81202K, committed 81408K, reserved 1120256K
  class space    used 10067K, capacity 11220K, committed 11264K, reserved 1048576K
Event: 2014.474 GC heap after
Heap after GC invocations=45 (full 4):
 PSYoungGen      total 63488K, used 0K [0x00000000eab00000, 0x00000000efb80000, 0x0000000100000000)
  eden space 60928K, 0% used [0x00000000eab00000,0x00000000eab00000,0x00000000ee680000)
  from space 2560K, 0% used [0x00000000ee800000,0x00000000ee800000,0x00000000eea80000)
  to   space 10752K, 0% used [0x00000000ef100000,0x00000000ef100000,0x00000000efb80000)
 ParOldGen       total 110080K, used 48342K [0x00000000c0000000, 0x00000000c6b80000, 0x00000000eab00000)
  object space 110080K, 43% used [0x00000000c0000000,0x00000000c2f35a58,0x00000000c6b80000)
 Metaspace       used 75641K, capacity 79960K, committed 81408K, reserved 1120256K
  class space    used 9909K, capacity 10989K, committed 11264K, reserved 1048576K
}
Event: 2108.291 GC heap before
{Heap before GC invocations=46 (full 4):
 PSYoungGen      total 63488K, used 60928K [0x00000000eab00000, 0x00000000efb80000, 0x0000000100000000)
  eden space 60928K, 100% used [0x00000000eab00000,0x00000000ee680000,0x00000000ee680000)
  from space 2560K, 0% used [0x00000000ee800000,0x00000000ee800000,0x00000000eea80000)
  to   space 10752K, 0% used [0x00000000ef100000,0x00000000ef100000,0x00000000efb80000)
 ParOldGen       total 110080K, used 48342K [0x00000000c0000000, 0x00000000c6b80000, 0x00000000eab00000)
  object space 110080K, 43% used [0x00000000c0000000,0x00000000c2f35a58,0x00000000c6b80000)
 Metaspace       used 76000K, capacity 80684K, committed 81408K, reserved 1120256K
  class space    used 9970K, capacity 11143K, committed 11264K, reserved 1048576K
Event: 2108.297 GC heap after
Heap after GC invocations=46 (full 4):
 PSYoungGen      total 68608K, used 5509K [0x00000000eab00000, 0x00000000efa00000, 0x0000000100000000)
  eden space 59392K, 0% used [0x00000000eab00000,0x00000000eab00000,0x00000000ee500000)
  from space 9216K, 59% used [0x00000000ef100000,0x00000000ef6617e8,0x00000000efa00000)
  to   space 10752K, 0% used [0x00000000ee500000,0x00000000ee500000,0x00000000eef80000)
 ParOldGen       total 110080K, used 48350K [0x00000000c0000000, 0x00000000c6b80000, 0x00000000eab00000)
  object space 110080K, 43% used [0x00000000c0000000,0x00000000c2f37a58,0x00000000c6b80000)
 Metaspace       used 76000K, capacity 80684K, committed 81408K, reserved 1120256K
  class space    used 9970K, capacity 11143K, committed 11264K, reserved 1048576K
}
Event: 2111.714 GC heap before
{Heap before GC invocations=47 (full 4):
 PSYoungGen      total 68608K, used 64901K [0x00000000eab00000, 0x00000000efa00000, 0x0000000100000000)
  eden space 59392K, 100% used [0x00000000eab00000,0x00000000ee500000,0x00000000ee500000)
  from space 9216K, 59% used [0x00000000ef100000,0x00000000ef6617e8,0x00000000efa00000)
  to   space 10752K, 0% used [0x00000000ee500000,0x00000000ee500000,0x00000000eef80000)
 ParOldGen       total 110080K, used 48350K [0x00000000c0000000, 0x00000000c6b80000, 0x00000000eab00000)
  object space 110080K, 43% used [0x00000000c0000000,0x00000000c2f37a58,0x00000000c6b80000)
 Metaspace       used 76096K, capacity 80956K, committed 81408K, reserved 1120256K
  class space    used 9988K, capacity 11171K, committed 11264K, reserved 1048576K
Event: 2111.723 GC heap after
Heap after GC invocations=47 (full 4):
 PSYoungGen      total 65024K, used 7047K [0x00000000eab00000, 0x00000000ef880000, 0x0000000100000000)
  eden space 57856K, 0% used [0x00000000eab00000,0x00000000eab00000,0x00000000ee380000)
  from space 7168K, 98% used [0x00000000ee500000,0x00000000eebe1d80,0x00000000eec00000)
  to   space 10752K, 0% used [0x00000000eee00000,0x00000000eee00000,0x00000000ef880000)
 ParOldGen       total 110080K, used 48358K [0x00000000c0000000, 0x00000000c6b80000, 0x00000000eab00000)
  object space 110080K, 43% used [0x00000000c0000000,0x00000000c2f39a58,0x00000000c6b80000)
 Metaspace       used 76096K, capacity 80956K, committed 81408K, reserved 1120256K
  class space    used 9988K, capacity 11171K, committed 11264K, reserved 1048576K
}
Event: 2112.231 GC heap before
{Heap before GC invocations=48 (full 4):
 PSYoungGen      total 65024K, used 64903K [0x00000000eab00000, 0x00000000ef880000, 0x0000000100000000)
  eden space 57856K, 100% used [0x00000000eab00000,0x00000000ee380000,0x00000000ee380000)
  from space 7168K, 98% used [0x00000000ee500000,0x00000000eebe1d80,0x00000000eec00000)
  to   space 10752K, 0% used [0x00000000eee00000,0x00000000eee00000,0x00000000ef880000)
 ParOldGen       total 110080K, used 48358K [0x00000000c0000000, 0x00000000c6b80000, 0x00000000eab00000)
  object space 110080K, 43% used [0x00000000c0000000,0x00000000c2f39a58,0x00000000c6b80000)
 Metaspace       used 76300K, capacity 81104K, committed 81408K, reserved 1120256K
  class space    used 10001K, capacity 11195K, committed 11264K, reserved 1048576K
Event: 2114.304 GC heap after
Heap after GC invocations=48 (full 4):
 PSYoungGen      total 68608K, used 9121K [0x00000000eab00000, 0x00000000ef880000, 0x0000000100000000)
  eden space 57856K, 0% used [0x00000000eab00000,0x00000000eab00000,0x00000000ee380000)
  from space 10752K, 84% used [0x00000000eee00000,0x00000000ef6e8648,0x00000000ef880000)
  to   space 7168K, 0% used [0x00000000ee500000,0x00000000ee500000,0x00000000eec00000)
 ParOldGen       total 110080K, used 48366K [0x00000000c0000000, 0x00000000c6b80000, 0x00000000eab00000)
  object space 110080K, 43% used [0x00000000c0000000,0x00000000c2f3ba58,0x00000000c6b80000)
 Metaspace       used 76300K, capacity 81104K, committed 81408K, reserved 1120256K
  class space    used 10001K, capacity 11195K, committed 11264K, reserved 1048576K
}

