# JRE version: OpenJDK Runtime Environment (8.0_152-b01) (build 1.8.0_152-release-915-b01)
# Java VM: OpenJDK 64-Bit Server VM (25.152-b01 mixed mode windows-amd64 compressed oops)
Heap:
 PSYoungGen      total 197120K, used 161802K [0x00000000eab00000, 0x00000000f8e00000, 0x0000000100000000)
  eden space 172032K, 89% used [0x00000000eab00000,0x00000000f4131bb8,0x00000000f5300000)
  from space 25088K, 31% used [0x00000000f7580000,0x00000000f7d50eb0,0x00000000f8e00000)
  to   space 30208K, 0% used [0x00000000f5300000,0x00000000f5300000,0x00000000f7080000)
 ParOldGen       total 173056K, used 69128K [0x00000000c0000000, 0x00000000ca900000, 0x00000000eab00000)
  object space 173056K, 39% used [0x00000000c0000000,0x00000000c4382240,0x00000000ca900000)
 Metaspace       used 81463K, capacity 86208K, committed 86400K, reserved 1126400K
  class space    used 10428K, capacity 11541K, committed 11648K, reserved 1048576K
GC Heap History (10 events):
Event: 982.997 GC heap before
{Heap before GC invocations=32 (full 4):
 PSYoungGen      total 168960K, used 2304K [0x00000000eab00000, 0x00000000f7700000, 0x0000000100000000)
  eden space 134144K, 0% used [0x00000000eab00000,0x00000000eab00000,0x00000000f2e00000)
  from space 34816K, 6% used [0x00000000f5000000,0x00000000f5240070,0x00000000f7200000)
  to   space 34816K, 0% used [0x00000000f2e00000,0x00000000f2e00000,0x00000000f5000000)
 ParOldGen       total 116736K, used 98849K [0x00000000c0000000, 0x00000000c7200000, 0x00000000eab00000)
  object space 116736K, 84% used [0x00000000c0000000,0x00000000c6088518,0x00000000c7200000)
 Metaspace       used 75251K, capacity 79100K, committed 79232K, reserved 1118208K
  class space    used 9696K, capacity 10591K, committed 10624K, reserved 1048576K
Event: 983.120 GC heap after
Heap after GC invocations=32 (full 4):
 PSYoungGen      total 168960K, used 0K [0x00000000eab00000, 0x00000000f7700000, 0x0000000100000000)
  eden space 134144K, 0% used [0x00000000eab00000,0x00000000eab00000,0x00000000f2e00000)
  from space 34816K, 0% used [0x00000000f5000000,0x00000000f5000000,0x00000000f7200000)
  to   space 34816K, 0% used [0x00000000f2e00000,0x00000000f2e00000,0x00000000f5000000)
 ParOldGen       total 173056K, used 67306K [0x00000000c0000000, 0x00000000ca900000, 0x00000000eab00000)
  object space 173056K, 38% used [0x00000000c0000000,0x00000000c41ba9b0,0x00000000ca900000)
 Metaspace       used 75145K, capacity 78840K, committed 79232K, reserved 1118208K
  class space    used 9662K, capacity 10531K, committed 10624K, reserved 1048576K
}
Event: 985.001 GC heap before
{Heap before GC invocations=33 (full 4):
 PSYoungGen      total 168960K, used 133394K [0x00000000eab00000, 0x00000000f7700000, 0x0000000100000000)
  eden space 134144K, 99% used [0x00000000eab00000,0x00000000f2d44940,0x00000000f2e00000)
  from space 34816K, 0% used [0x00000000f5000000,0x00000000f5000000,0x00000000f7200000)
  to   space 34816K, 0% used [0x00000000f2e00000,0x00000000f2e00000,0x00000000f5000000)
 ParOldGen       total 173056K, used 67306K [0x00000000c0000000, 0x00000000ca900000, 0x00000000eab00000)
  object space 173056K, 38% used [0x00000000c0000000,0x00000000c41ba9b0,0x00000000ca900000)
 Metaspace       used 76103K, capacity 79936K, committed 80128K, reserved 1118208K
  class space    used 9823K, capacity 10735K, committed 10752K, reserved 1048576K
Event: 985.005 GC heap after
Heap after GC invocations=33 (full 4):
 PSYoungGen      total 168960K, used 5403K [0x00000000eab00000, 0x00000000f7980000, 0x0000000100000000)
  eden space 134144K, 0% used [0x00000000eab00000,0x00000000eab00000,0x00000000f2e00000)
  from space 34816K, 15% used [0x00000000f2e00000,0x00000000f3346f38,0x00000000f5000000)
  to   space 33280K, 0% used [0x00000000f5900000,0x00000000f5900000,0x00000000f7980000)
 ParOldGen       total 173056K, used 67314K [0x00000000c0000000, 0x00000000ca900000, 0x00000000eab00000)
  object space 173056K, 38% used [0x00000000c0000000,0x00000000c41bc9b0,0x00000000ca900000)
 Metaspace       used 76103K, capacity 79936K, committed 80128K, reserved 1118208K
  class space    used 9823K, capacity 10735K, committed 10752K, reserved 1048576K
}
Event: 985.017 GC heap before
{Heap before GC invocations=34 (full 4):
 PSYoungGen      total 168960K, used 139311K [0x00000000eab00000, 0x00000000f7980000, 0x0000000100000000)
  eden space 134144K, 99% used [0x00000000eab00000,0x00000000f2dc4d60,0x00000000f2e00000)
  from space 34816K, 15% used [0x00000000f2e00000,0x00000000f3346f38,0x00000000f5000000)
  to   space 33280K, 0% used [0x00000000f5900000,0x00000000f5900000,0x00000000f7980000)
 ParOldGen       total 173056K, used 67314K [0x00000000c0000000, 0x00000000ca900000, 0x00000000eab00000)
  object space 173056K, 38% used [0x00000000c0000000,0x00000000c41bc9b0,0x00000000ca900000)
 Metaspace       used 76112K, capacity 79936K, committed 80128K, reserved 1118208K
  class space    used 9823K, capacity 10735K, committed 10752K, reserved 1048576K
Event: 985.020 GC heap after
Heap after GC invocations=34 (full 4):
 PSYoungGen      total 178176K, used 1450K [0x00000000eab00000, 0x00000000f8c80000, 0x0000000100000000)
  eden space 144896K, 0% used [0x00000000eab00000,0x00000000eab00000,0x00000000f3880000)
  from space 33280K, 4% used [0x00000000f5900000,0x00000000f5a6a998,0x00000000f7980000)
  to   space 33280K, 0% used [0x00000000f3880000,0x00000000f3880000,0x00000000f5900000)
 ParOldGen       total 173056K, used 67322K [0x00000000c0000000, 0x00000000ca900000, 0x00000000eab00000)
  object space 173056K, 38% used [0x00000000c0000000,0x00000000c41be9b0,0x00000000ca900000)
 Metaspace       used 76112K, capacity 79936K, committed 80128K, reserved 1118208K
  class space    used 9823K, capacity 10735K, committed 10752K, reserved 1048576K
}
Event: 1907.311 GC heap before
{Heap before GC invocations=35 (full 4):
 PSYoungGen      total 178176K, used 146346K [0x00000000eab00000, 0x00000000f8c80000, 0x0000000100000000)
  eden space 144896K, 100% used [0x00000000eab00000,0x00000000f3880000,0x00000000f3880000)
  from space 33280K, 4% used [0x00000000f5900000,0x00000000f5a6a998,0x00000000f7980000)
  to   space 33280K, 0% used [0x00000000f3880000,0x00000000f3880000,0x00000000f5900000)
 ParOldGen       total 173056K, used 67322K [0x00000000c0000000, 0x00000000ca900000, 0x00000000eab00000)
  object space 173056K, 38% used [0x00000000c0000000,0x00000000c41be9b0,0x00000000ca900000)
 Metaspace       used 77060K, capacity 81194K, committed 81408K, reserved 1120256K
  class space    used 9971K, capacity 10950K, committed 11008K, reserved 1048576K
Event: 1907.330 GC heap after
Heap after GC invocations=35 (full 4):
 PSYoungGen      total 178176K, used 2853K [0x00000000eab00000, 0x00000000f9500000, 0x0000000100000000)
  eden space 144896K, 0% used [0x00000000eab00000,0x00000000eab00000,0x00000000f3880000)
  from space 33280K, 8% used [0x00000000f3880000,0x00000000f3b49648,0x00000000f5900000)
  to   space 32256K, 0% used [0x00000000f7580000,0x00000000f7580000,0x00000000f9500000)
 ParOldGen       total 173056K, used 67843K [0x00000000c0000000, 0x00000000ca900000, 0x00000000eab00000)
  object space 173056K, 39% used [0x00000000c0000000,0x00000000c4240ef0,0x00000000ca900000)
 Metaspace       used 77060K, capacity 81194K, committed 81408K, reserved 1120256K
  class space    used 9971K, capacity 10950K, committed 11008K, reserved 1048576K
}
Event: 1947.857 GC heap before
{Heap before GC invocations=36 (full 4):
 PSYoungGen      total 178176K, used 147749K [0x00000000eab00000, 0x00000000f9500000, 0x0000000100000000)
  eden space 144896K, 100% used [0x00000000eab00000,0x00000000f3880000,0x00000000f3880000)
  from space 33280K, 8% used [0x00000000f3880000,0x00000000f3b49648,0x00000000f5900000)
  to   space 32256K, 0% used [0x00000000f7580000,0x00000000f7580000,0x00000000f9500000)
 ParOldGen       total 173056K, used 67843K [0x00000000c0000000, 0x00000000ca900000, 0x00000000eab00000)
  object space 173056K, 39% used [0x00000000c0000000,0x00000000c4240ef0,0x00000000ca900000)
 Metaspace       used 80320K, capacity 85058K, committed 85248K, reserved 1122304K
  class space    used 10318K, capacity 11418K, committed 11520K, reserved 1048576K
Event: 1947.866 GC heap after
Heap after GC invocations=36 (full 4):
 PSYoungGen      total 197120K, used 8003K [0x00000000eab00000, 0x00000000f8e00000, 0x0000000100000000)
  eden space 172032K, 0% used [0x00000000eab00000,0x00000000eab00000,0x00000000f5300000)
  from space 25088K, 31% used [0x00000000f7580000,0x00000000f7d50eb0,0x00000000f8e00000)
  to   space 30208K, 0% used [0x00000000f5300000,0x00000000f5300000,0x00000000f7080000)
 ParOldGen       total 173056K, used 69128K [0x00000000c0000000, 0x00000000ca900000, 0x00000000eab00000)
  object space 173056K, 39% used [0x00000000c0000000,0x00000000c4382240,0x00000000ca900000)
 Metaspace       used 80320K, capacity 85058K, committed 85248K, reserved 1122304K
  class space    used 10318K, capacity 11418K, committed 11520K, reserved 1048576K
}

